<?xml version="1.0" encoding="UTF-8"?>
<!-- Generated by org.testng.reporters.JUnitXMLReporter -->
<testsuite ignored="3" hostname="CEQ-ICT-LAPTOP-245" failures="0" tests="1" name="Default test" time="43.132" errors="0" timestamp="2024-08-30T19:49:31 IST">
  <testcase classname="TestClass.SavingTestClass" name="At_Savings_page_Verify_that_user_is_able_to_download_the_Idle_Resources_Saving_Detail_data" time="29.067"/>
  <testcase classname="TestClass.SavingTestClass" name="At_Saving_page_verify_the_Projected_Savings_values_shown_at_first_section_of_the_page_as_per_the_selected_date_range" time="0.0">
    <ignored/>
  </testcase> <!-- At_Saving_page_verify_the_Projected_Savings_values_shown_at_first_section_of_the_page_as_per_the_selected_date_range -->
  <testcase classname="TestClass.SavingTestClass" name="At_Saving_page_verify_the_values_for_TOTAL_SAVINGS_shown_at_first_section_of_the_page_as_per_the_default_date_range" time="0.0">
    <ignored/>
  </testcase> <!-- At_Saving_page_verify_the_values_for_TOTAL_SAVINGS_shown_at_first_section_of_the_page_as_per_the_default_date_range -->
  <testcase classname="TestClass.SavingTestClass" name="At_Saving_page_verify_the_values_shown_for_IDLE_RESOURCES_RIGHTSIZING_SNAPSHOTS_at_first_section_of_the_page_as_per_the_default_date_range" time="0.0">
    <ignored/>
  </testcase> <!-- At_Saving_page_verify_the_values_shown_for_IDLE_RESOURCES_RIGHTSIZING_SNAPSHOTS_at_first_section_of_the_page_as_per_the_default_date_range -->
</testsuite> <!-- Default test -->
