<?xml version="1.0" encoding="UTF-8"?>
<!-- Generated by org.testng.reporters.JUnitXMLReporter -->
<testsuite ignored="10" hostname="CEQ-ICT-LAPTOP-245" failures="1" tests="1" name="Test" time="36.5" errors="0" timestamp="2024-08-12T14:54:44 IST">
  <testcase classname="TestClass.Idle_ResourcesTestClass" name="At_Idle_resources_page_verify_the_values_shown_at_first_section_of_the_Active_Idle_Resources_page" time="4.816">
    <failure type="java.lang.AssertionError" message="Total Idel Resource Count is match expected [1107] but found [1096]">
      <![CDATA[java.lang.AssertionError: Total Idel Resource Count is match expected [1107] but found [1096]
at PageClass.Idle_ResourcesModule.compare_idle_resource_totalcount(Idle_ResourcesModule.java:594)
at TestClass.Idle_ResourcesTestClass.At_Idle_resources_page_verify_the_values_shown_at_first_section_of_the_Active_Idle_Resources_page(Idle_ResourcesTestClass.java:42)
at java.base/java.util.ArrayList.forEach(ArrayList.java:1597)
... Removed 30 stack frames]]>
    </failure>
  </testcase> <!-- At_Idle_resources_page_verify_the_values_shown_at_first_section_of_the_Active_Idle_Resources_page -->
  <testcase classname="TestClass.Idle_ResourcesTestClass" name="Verify_on_discarding_the_Idle_resource_it_is_moved_to_Discarded_tab" time="0.0">
    <ignored/>
  </testcase> <!-- Verify_on_discarding_the_Idle_resource_it_is_moved_to_Discarded_tab -->
  <testcase classname="TestClass.Idle_ResourcesTestClass" name="Verify_that_user_is_able_to_move_the_discarded_Idle_Resource_record_to_Archive" time="0.0">
    <ignored/>
  </testcase> <!-- Verify_that_user_is_able_to_move_the_discarded_Idle_Resource_record_to_Archive -->
  <testcase classname="TestClass.Idle_ResourcesTestClass" name="At_Idle_Resources_page_verify_that_dismissed_Idle_resource_of_Resource_Type_Disks_is_being_CountCost_to_Archived_page" time="0.0">
    <ignored/>
  </testcase> <!-- At_Idle_Resources_page_verify_that_dismissed_Idle_resource_of_Resource_Type_Disks_is_being_CountCost_to_Archived_page -->
  <testcase classname="TestClass.Idle_ResourcesTestClass" name="At_Idle_Resource_page_verify_the_total_count_and_Savings_for_resource_type_Virtual_Machine_Idle_for_more_than_31_days" time="0.0">
    <ignored/>
  </testcase> <!-- At_Idle_Resource_page_verify_the_total_count_and_Savings_for_resource_type_Virtual_Machine_Idle_for_more_than_31_days -->
  <testcase classname="TestClass.Idle_ResourcesTestClass" name="Verify_that_user_is_able_to_move_the_discarded_Idle_Resource_record_to_Open_tab" time="0.0">
    <ignored/>
  </testcase> <!-- Verify_that_user_is_able_to_move_the_discarded_Idle_Resource_record_to_Open_tab -->
  <testcase classname="TestClass.Idle_ResourcesTestClass" name="Verify_on_accepting_the_Idle_resource_savings_should_be_decreased" time="0.0">
    <ignored/>
  </testcase> <!-- Verify_on_accepting_the_Idle_resource_savings_should_be_decreased -->
  <testcase classname="TestClass.Idle_ResourcesTestClass" name="Verify_the_on_unarchiving_any_record_of_Idle_resource_from_Archive_page_it_is_being_moved_to_Active_page_of_Idle_Resource" time="0.0">
    <ignored/>
  </testcase> <!-- Verify_the_on_unarchiving_any_record_of_Idle_resource_from_Archive_page_it_is_being_moved_to_Active_page_of_Idle_Resource -->
  <testcase classname="TestClass.Idle_ResourcesTestClass" name="Verify_on_dismissing_the_Idle_resource_savings_should_be_decreased" time="0.0">
    <ignored/>
  </testcase> <!-- Verify_on_dismissing_the_Idle_resource_savings_should_be_decreased -->
  <testcase classname="TestClass.Idle_ResourcesTestClass" name="At_Idle_Resource_page_verify_the_total_count_and_Savings_for_resource_type_Elastic_IP_for_Idle_for_7_days" time="0.0">
    <ignored/>
  </testcase> <!-- At_Idle_Resource_page_verify_the_total_count_and_Savings_for_resource_type_Elastic_IP_for_Idle_for_7_days -->
  <testcase classname="TestClass.Idle_ResourcesTestClass" name="Verify_the_Savings_Available_values_shown_at_first_section_of_the_Active_Idle_Resources_Page" time="0.0">
    <ignored/>
  </testcase> <!-- Verify_the_Savings_Available_values_shown_at_first_section_of_the_Active_Idle_Resources_Page -->
</testsuite> <!-- Test -->
