<?xml version="1.0" encoding="UTF-8"?>
<testng-results ignored="3" total="4" passed="1" failed="0" skipped="0">
  <reporter-output>
  </reporter-output>
  <suite started-at="2024-08-30T19:48:47 IST" name="Default suite" finished-at="2024-08-30T19:49:31 IST" duration-ms="43132">
    <groups>
    </groups>
    <test started-at="2024-08-30T19:48:47 IST" name="Default test" finished-at="2024-08-30T19:49:31 IST" duration-ms="43132">
      <class name="TestClass.SavingTestClass">
        <test-method is-config="true" signature="launchbrowser()[pri:0, instance:TestClass.SavingTestClass@367ffa75]" started-at="2024-08-30T19:48:47 IST" name="launchbrowser" finished-at="2024-08-30T19:48:54 IST" duration-ms="6492" status="PASS">
          <reporter-output>
          </reporter-output>
        </test-method> <!-- launchbrowser -->
        <test-method is-config="true" signature="signintofinops()[pri:0, instance:TestClass.SavingTestClass@367ffa75]" started-at="2024-08-30T19:48:54 IST" name="signintofinops" finished-at="2024-08-30T19:49:01 IST" duration-ms="6991" status="PASS">
          <reporter-output>
          </reporter-output>
        </test-method> <!-- signintofinops -->
        <test-method signature="At_Savings_page_Verify_that_user_is_able_to_download_the_Idle_Resources_Saving_Detail_data()[pri:0, instance:TestClass.SavingTestClass@367ffa75]" started-at="2024-08-30T19:49:01 IST" name="At_Savings_page_Verify_that_user_is_able_to_download_the_Idle_Resources_Saving_Detail_data" finished-at="2024-08-30T19:49:30 IST" duration-ms="29067" status="PASS">
          <reporter-output>
          </reporter-output>
        </test-method> <!-- At_Savings_page_Verify_that_user_is_able_to_download_the_Idle_Resources_Saving_Detail_data -->
        <test-method is-config="true" signature="signoutformfinops(org.testng.ITestResult)[pri:0, instance:TestClass.SavingTestClass@367ffa75]" started-at="2024-08-30T19:49:30 IST" name="signoutformfinops" finished-at="2024-08-30T19:49:30 IST" duration-ms="288" status="PASS">
          <params>
            <param index="0">
              <value>
                <![CDATA[[TestResult name=At_Savings_page_Verify_that_user_is_able_to_download_the_Idle_Resources_Saving_Detail_data status=SUCCESS method=SavingTestClass.At_Savings_page_Verify_that_user_is_able_to_download_the_Idle_Resources_Saving_Detail_data()[pri:0, instance:TestClass.SavingTestClass@367ffa75] output={null}]]]>
              </value>
            </param>
          </params>
          <reporter-output>
          </reporter-output>
        </test-method> <!-- signoutformfinops -->
        <test-method is-config="true" signature="closebrowser()[pri:0, instance:TestClass.SavingTestClass@367ffa75]" started-at="2024-08-30T19:49:30 IST" name="closebrowser" finished-at="2024-08-30T19:49:31 IST" duration-ms="259" status="PASS">
          <reporter-output>
          </reporter-output>
        </test-method> <!-- closebrowser -->
      </class> <!-- TestClass.SavingTestClass -->
    </test> <!-- Default test -->
  </suite> <!-- Default suite -->
</testng-results>
